2024-07-12 14:11:17 [main] INFO  o.s.t.c.s.AnnotationConfigContextLoaderUtils       - Could not detect default configuration classes for test class [com.anks.tech.ecommerce.EcommerceApplicationTests]: EcommerceApplicationTests does not declare any static, non-private, non-final, nested classes annotated with @Configuration. 
2024-07-12 14:11:17 [main] INFO  o.s.b.t.c.SpringBootTestContextBootstrapper        - Found @SpringBootConfiguration com.anks.tech.ecommerce.EcommerceApplication for test class com.anks.tech.ecommerce.EcommerceApplicationTests 
2024-07-12 14:11:18 [background-preinit] INFO  o.h.v.i.u.Version                                  - HV000001: Hibernate Validator 8.0.1.Final 
2024-07-12 14:11:18 [main] INFO  c.a.t.e.EcommerceApplicationTests                  - Starting EcommerceApplicationTests using Java 21.0.2 with PID 13288 (started by admin in D:\18_05_2022\java\MOCK\mockproject\Be\ecommerce_v2) 
2024-07-12 14:11:18 [main] INFO  c.a.t.e.EcommerceApplicationTests                  - The following 1 profile is active: "dev" 
2024-07-12 14:11:19 [main] INFO  o.s.d.r.c.RepositoryConfigurationDelegate          - Bootstrapping Spring Data JPA repositories in DEFAULT mode. 
2024-07-12 14:11:19 [main] INFO  o.s.d.r.c.RepositoryConfigurationDelegate          - Finished Spring Data repository scanning in 85 ms. Found 11 JPA repository interfaces. 
2024-07-12 14:11:19 [main] INFO  c.z.h.HikariDataSource                             - HikariPool-1 - Starting... 
2024-07-12 14:11:20 [main] INFO  c.z.h.p.HikariPool                                 - HikariPool-1 - Added connection com.mysql.cj.jdbc.ConnectionImpl@67e11bda 
2024-07-12 14:11:20 [main] INFO  c.z.h.HikariDataSource                             - HikariPool-1 - Start completed. 
2024-07-12 14:11:20 [main] INFO  o.h.j.i.u.LogHelper                                - HHH000204: Processing PersistenceUnitInfo [name: default] 
2024-07-12 14:11:20 [main] INFO  o.h.Version                                        - HHH000412: Hibernate ORM core version 6.4.1.Final 
2024-07-12 14:11:20 [main] INFO  o.h.c.i.RegionFactoryInitiator                     - HHH000026: Second-level cache disabled 
2024-07-12 14:11:20 [main] INFO  o.s.o.j.p.SpringPersistenceUnitInfo                - No LoadTimeWeaver setup: ignoring JPA class transformer 
2024-07-12 14:11:21 [main] INFO  o.h.e.t.j.p.i.JtaPlatformInitiator                 - HHH000489: No JTA platform available (set 'hibernate.transaction.jta.platform' to enable JTA platform integration) 
2024-07-12 14:11:21 [main] INFO  o.s.o.j.LocalContainerEntityManagerFactoryBean     - Initialized JPA EntityManagerFactory for persistence unit 'default' 
2024-07-12 14:11:21 [main] INFO  o.s.d.j.r.q.QueryEnhancerFactory                   - Hibernate is in classpath; If applicable, HQL parser will be used. 
2024-07-12 14:11:22 [main] WARN  o.s.b.a.o.j.JpaBaseConfiguration$JpaWebConfiguration - spring.jpa.open-in-view is enabled by default. Therefore, database queries may be performed during view rendering. Explicitly configure spring.jpa.open-in-view to disable this warning 
2024-07-12 14:11:23 [main] INFO  o.s.s.w.DefaultSecurityFilterChain                 - Will secure any request with [org.springframework.security.web.session.DisableEncodeUrlFilter@56527ff2, org.springframework.security.web.context.request.async.WebAsyncManagerIntegrationFilter@b5a6a82, org.springframework.security.web.context.SecurityContextHolderFilter@3e5f458f, org.springframework.security.web.header.HeaderWriterFilter@7db644d5, org.springframework.web.filter.CorsFilter@21aa0ec5, org.springframework.security.web.authentication.logout.LogoutFilter@3778cd05, com.anks.tech.ecommerce.Security.JWT.AuthTokenFilter@12568b11, org.springframework.security.web.savedrequest.RequestCacheAwareFilter@377d66f, org.springframework.security.web.servletapi.SecurityContextHolderAwareRequestFilter@30c31e10, org.springframework.security.web.authentication.AnonymousAuthenticationFilter@7cf1bf54, org.springframework.security.web.session.SessionManagementFilter@4f90b4c9, org.springframework.security.web.access.ExceptionTranslationFilter@4b27a3fc, org.springframework.security.web.access.intercept.AuthorizationFilter@6b06da60] 
2024-07-12 14:11:23 [main] INFO  c.a.t.e.EcommerceApplicationTests                  - Started EcommerceApplicationTests in 5.455 seconds (process running for 6.768) 
2024-07-12 14:11:23 [SpringApplicationShutdownHook] INFO  o.s.o.j.LocalContainerEntityManagerFactoryBean     - Closing JPA EntityManagerFactory for persistence unit 'default' 
2024-07-12 14:11:23 [SpringApplicationShutdownHook] INFO  c.z.h.HikariDataSource                             - HikariPool-1 - Shutdown initiated... 
2024-07-12 14:11:23 [SpringApplicationShutdownHook] INFO  c.z.h.HikariDataSource                             - HikariPool-1 - Shutdown completed. 
